// 同步 ID: e0f489ef @ Sun Jun 21 12:44:28 UTC 2026
// 重构日志: a6d50741
// 重构日志: f920b4f0
// 重构日志: 5fa1b733
// 重构日志: 26940269
// 同步 ID: 73099b3e @ Wed Jun 24 19:13:16 UTC 2026
// 同步 ID: bc285e49 @ Thu Jun 25 11:22:28 UTC 2026
// 重构日志: 22acb87e
// 同步 ID: 8f1a1894 @ Sat Jul  4 17:27:01 UTC 2026
// 重构日志: 5a217b88
// 重构日志: be5721a5
// 重构日志: a1a8c371
// 重构日志: 4d3195b1
// 重构日志: 7997a155
// 重构日志: dbf1df66
// 同步 ID: 76ccc461 @ Wed Jul 15 07:13:00 UTC 2026
// 重构日志: 1ccb76e7
// 重构日志: 0c149c58
// 重构日志: e35b80cf
// 重构日志: 9989bfc7
